0 info it worked if it ends with ok
1 verbose cli [ '/usr/local/bin/node', '/usr/local/bin/npm', 'link' ]
2 info using npm@1.4.28
3 info using node@v0.10.38
4 verbose linkPkg /home/jorge-serrano/Proyectos/jskeleton-extension
5 error Error: EACCES, symlink '/home/jorge-serrano/Proyectos/jskeleton-extension'
5 error  { [Error: EACCES, symlink '/home/jorge-serrano/Proyectos/jskeleton-extension']
5 error   errno: 3,
5 error   code: 'EACCES',
5 error   path: '/home/jorge-serrano/Proyectos/jskeleton-extension' }
6 error Please try running this command again as root/Administrator.
7 error System Linux 3.13.0-49-generic
8 error command "/usr/local/bin/node" "/usr/local/bin/npm" "link"
9 error cwd /home/jorge-serrano/Proyectos/jskeleton-extension
10 error node -v v0.10.38
11 error npm -v 1.4.28
12 error path /home/jorge-serrano/Proyectos/jskeleton-extension
13 error code EACCES
14 error errno 3
15 error stack Error: EACCES, symlink '/home/jorge-serrano/Proyectos/jskeleton-extension'
16 verbose exit [ 3, true ]
